2025-05-04 14:37:55,642 [DEBUG] Debug mode enabled
2025-05-04 14:37:55,642 [INFO] ============================================================
2025-05-04 14:37:55,642 [INFO] Starting job scraping run at 2025-05-04 14:37:55
2025-05-04 14:37:55,642 [INFO] Starting engineering job data collection
2025-05-04 15:11:16,534 [INFO] Job collection completed in 2000.89 seconds
2025-05-04 15:11:16,538 [INFO] Collected 13231 unique jobs across 4 specialties
2025-05-04 15:11:16,538 [INFO] Jobs by country:
2025-05-04 15:11:16,538 [INFO]   GB: 5327 jobs
2025-05-04 15:11:16,538 [INFO]   US: 7589 jobs
2025-05-04 15:11:16,538 [INFO]   FR: 7187 jobs
2025-05-04 15:11:16,538 [INFO]   MA: 0 jobs
2025-05-04 15:11:16,538 [INFO] Updating vector store with new job data
2025-05-04 15:11:16,539 [INFO] Load pretrained SentenceTransformer: paraphrase-multilingual-MiniLM-L12-v2
2025-05-04 15:11:23,209 [INFO] Use pytorch device: cpu
2025-05-04 15:11:23,298 [INFO] Loaded existing vector store with 23506 jobs
2025-05-04 15:48:59,308 [INFO] Added 52765 new jobs to vector store in 2256.01 seconds
2025-05-04 15:49:00,024 [INFO] Vector store saved to disk
2025-05-04 15:49:00,046 [INFO] Total jobs in database: 76271
2025-05-04 15:49:00,046 [INFO] Remote jobs: 6095 (8.0%)
2025-05-04 15:49:01,027 [INFO] Run report saved to /Users/abderrahim_boussyf/Ai_project/Scraping/logs/report_20250504_154900.json
2025-05-04 15:49:01,027 [INFO] Job scraping completed successfully. Collected 13231 jobs.
2025-05-04 15:49:01,027 [INFO] ============================================================
