2025-05-14 08:44:35,993 [INFO] ============================================================
2025-05-14 08:44:35,993 [INFO] Starting job scraping run at 2025-05-14 08:44:35
2025-05-14 08:44:35,993 [INFO] Starting engineering job data collection
2025-05-14 08:53:08,350 [INFO] Job collection completed in 512.36 seconds
2025-05-14 08:53:08,351 [INFO] Collected 0 unique jobs across 0 specialties
2025-05-14 08:53:08,351 [INFO] Jobs by country:
2025-05-14 08:53:08,351 [INFO]   GB: 0 jobs
2025-05-14 08:53:08,351 [INFO]   US: 0 jobs
2025-05-14 08:53:08,351 [INFO]   FR: 0 jobs
2025-05-14 08:53:08,351 [INFO]   MA: 0 jobs
2025-05-14 08:53:08,351 [INFO] Updating vector store with new job data
2025-05-14 08:53:08,358 [INFO] Loading faiss.
2025-05-14 08:53:08,394 [INFO] Successfully loaded faiss.
2025-05-14 08:53:08,398 [INFO] Failed to load GPU Faiss: name 'GpuIndexIVFFlat' is not defined. Will not load constructor refs for GPU indexes. This is only an error if you're trying to use GPU Faiss.
2025-05-14 08:53:11,386 [DEBUG] Verbose mode enabled
2025-05-14 08:53:11,386 [INFO] Initializing vector store
2025-05-14 08:53:11,386 [INFO] Load pretrained SentenceTransformer: paraphrase-multilingual-MiniLM-L12-v2
2025-05-14 08:53:20,652 [INFO] Use pytorch device: cpu
2025-05-14 08:53:20,930 [INFO] Loaded existing vector store with 76271 jobs
2025-05-14 08:53:20,952 [INFO] Initial stats: 76271 jobs, 6095 remote
2025-05-14 08:53:20,952 [INFO] Adding new jobs from the data directory
2025-05-14 14:38:46,039 [INFO] Added 61564 new jobs to vector store in 20725.09 seconds
2025-05-14 14:38:46,041 [INFO] Saving updated vector store
2025-05-14 14:38:46,742 [INFO] Vector store saved successfully
2025-05-14 14:38:46,772 [INFO] Updated vector store stats: 137835 total jobs
2025-05-14 14:38:46,772 [INFO] Remote jobs: 11572 (8.4%)
2025-05-14 14:38:46,772 [INFO] Jobs by specialty:
2025-05-14 14:38:46,775 [INFO]   software_engineering: 17674 jobs
2025-05-14 14:38:46,776 [INFO]   data_science: 6878 jobs
2025-05-14 14:38:46,776 [INFO]   civil_engineering: 5848 jobs
2025-05-14 14:38:46,776 [INFO]   electrical_engineering: 4712 jobs
2025-05-14 14:38:46,776 [INFO]   full stack: 2432 jobs
2025-05-14 14:38:46,776 [INFO]   software engineer: 2309 jobs
2025-05-14 14:38:46,776 [INFO]   finance: 2100 jobs
2025-05-14 14:38:46,776 [INFO]   frontend: 2075 jobs
2025-05-14 14:38:46,776 [INFO]   backend: 2017 jobs
2025-05-14 14:38:46,776 [INFO]   development: 1751 jobs
2025-05-14 14:38:46,776 [INFO] Jobs by country:
2025-05-14 14:38:46,776 [INFO]   FR: 42556 jobs
2025-05-14 14:38:46,776 [INFO]   GB: 34010 jobs
2025-05-14 14:38:46,776 [INFO]   US: 32797 jobs
2025-05-14 14:38:46,776 [INFO]   UNKNOWN: 28472 jobs
2025-05-14 14:38:47,071 [INFO] Vector store updated successfully
2025-05-14 14:38:47,071 [INFO] Run report saved to /Users/abderrahim_boussyf/Ai_project/Scraping/logs/report_20250514_143847.json
2025-05-14 14:38:47,071 [INFO] Job scraping completed successfully. Collected 0 jobs.
2025-05-14 14:38:47,072 [INFO] ============================================================
